<?xml version="1.0" encoding="UTF-8"?>
<testsuite name="com.toMist.toMist.ToMistApplicationTests" tests="1" skipped="0" failures="0" errors="0" timestamp="2024-03-27T21:56:41" hostname="Dongikui-MacBookAir.local" time="0.532">
  <properties/>
  <testcase name="contextLoads()" classname="com.toMist.toMist.ToMistApplicationTests" time="0.532"/>
  <system-out><![CDATA[06:56:39.326 [Test worker] INFO org.springframework.test.context.support.AnnotationConfigContextLoaderUtils -- Could not detect default configuration classes for test class [com.toMist.toMist.ToMistApplicationTests]: ToMistApplicationTests does not declare any static, non-private, non-final, nested classes annotated with @Configuration.
06:56:39.367 [Test worker] INFO org.springframework.boot.test.context.SpringBootTestContextBootstrapper -- Found @SpringBootConfiguration com.toMist.toMist.ToMistApplication for test class com.toMist.toMist.ToMistApplicationTests

  .   ____          _            __ _ _
 /\\ / ___'_ __ _ _(_)_ __  __ _ \ \ \ \
( ( )\___ | '_ | '_| | '_ \/ _` | \ \ \ \
 \\/  ___)| |_)| | | | | || (_| |  ) ) ) )
  '  |____| .__|_| |_|_| |_\__, | / / / /
 =========|_|==============|___/=/_/_/_/
 :: Spring Boot ::                (v3.2.4)

2024-03-28T06:56:39.562+09:00  INFO 23363 --- [    Test worker] c.toMist.toMist.ToMistApplicationTests   : Starting ToMistApplicationTests using Java 17.0.7 with PID 23363 (started by dongik in /Users/dongik/Desktop/dongik/Project/spring-board)
2024-03-28T06:56:39.563+09:00 DEBUG 23363 --- [    Test worker] c.toMist.toMist.ToMistApplicationTests   : Running with Spring Boot v3.2.4, Spring v6.1.5
2024-03-28T06:56:39.563+09:00  INFO 23363 --- [    Test worker] c.toMist.toMist.ToMistApplicationTests   : No active profile set, falling back to 1 default profile: "default"
2024-03-28T06:56:39.931+09:00  INFO 23363 --- [    Test worker] .s.d.r.c.RepositoryConfigurationDelegate : Bootstrapping Spring Data JPA repositories in DEFAULT mode.
2024-03-28T06:56:39.941+09:00  INFO 23363 --- [    Test worker] .s.d.r.c.RepositoryConfigurationDelegate : Finished Spring Data repository scanning in 6 ms. Found 0 JPA repository interfaces.
2024-03-28T06:56:40.193+09:00  INFO 23363 --- [    Test worker] o.hibernate.jpa.internal.util.LogHelper  : HHH000204: Processing PersistenceUnitInfo [name: default]
2024-03-28T06:56:40.214+09:00  INFO 23363 --- [    Test worker] org.hibernate.Version                    : HHH000412: Hibernate ORM core version 6.4.4.Final
2024-03-28T06:56:40.227+09:00  INFO 23363 --- [    Test worker] o.h.c.internal.RegionFactoryInitiator    : HHH000026: Second-level cache disabled
2024-03-28T06:56:40.325+09:00  INFO 23363 --- [    Test worker] o.s.o.j.p.SpringPersistenceUnitInfo      : No LoadTimeWeaver setup: ignoring JPA class transformer
2024-03-28T06:56:40.336+09:00  INFO 23363 --- [    Test worker] com.zaxxer.hikari.HikariDataSource       : HikariPool-1 - Starting...
2024-03-28T06:56:40.588+09:00  INFO 23363 --- [    Test worker] com.zaxxer.hikari.pool.HikariPool        : HikariPool-1 - Added connection com.mysql.cj.jdbc.ConnectionImpl@47d81427
2024-03-28T06:56:40.589+09:00  INFO 23363 --- [    Test worker] com.zaxxer.hikari.HikariDataSource       : HikariPool-1 - Start completed.
2024-03-28T06:56:40.762+09:00  INFO 23363 --- [    Test worker] o.h.e.t.j.p.i.JtaPlatformInitiator       : HHH000489: No JTA platform available (set 'hibernate.transaction.jta.platform' to enable JTA platform integration)
2024-03-28T06:56:40.764+09:00  INFO 23363 --- [    Test worker] j.LocalContainerEntityManagerFactoryBean : Initialized JPA EntityManagerFactory for persistence unit 'default'
2024-03-28T06:56:40.864+09:00  WARN 23363 --- [    Test worker] JpaBaseConfiguration$JpaWebConfiguration : spring.jpa.open-in-view is enabled by default. Therefore, database queries may be performed during view rendering. Explicitly configure spring.jpa.open-in-view to disable this warning
2024-03-28T06:56:40.925+09:00 DEBUG 23363 --- [    Test worker] s.w.s.m.m.a.RequestMappingHandlerMapping : 2 mappings in 'requestMappingHandlerMapping'
2024-03-28T06:56:41.006+09:00 DEBUG 23363 --- [    Test worker] o.s.w.s.handler.SimpleUrlHandlerMapping  : Patterns [/webjars/**, /**] in 'resourceHandlerMapping'
2024-03-28T06:56:41.031+09:00 DEBUG 23363 --- [    Test worker] s.w.s.m.m.a.RequestMappingHandlerAdapter : ControllerAdvice beans: 0 @ModelAttribute, 0 @InitBinder, 1 RequestBodyAdvice, 1 ResponseBodyAdvice
2024-03-28T06:56:41.050+09:00 DEBUG 23363 --- [    Test worker] .m.m.a.ExceptionHandlerExceptionResolver : ControllerAdvice beans: 0 @ExceptionHandler, 1 ResponseBodyAdvice
2024-03-28T06:56:41.407+09:00  INFO 23363 --- [    Test worker] o.s.b.a.e.web.EndpointLinksResolver      : Exposing 13 endpoint(s) beneath base path '/actuator'
2024-03-28T06:56:41.457+09:00  INFO 23363 --- [    Test worker] c.toMist.toMist.ToMistApplicationTests   : Started ToMistApplicationTests in 2.03 seconds (process running for 2.591)
]]></system-out>
  <system-err><![CDATA[]]></system-err>
</testsuite>
