<?xml version="1.0" encoding="UTF-8"?>
<testsuite name="com.toMist.toMist.ToMistApplicationTests" tests="1" skipped="0" failures="0" errors="0" timestamp="2024-03-29T07:49:01" hostname="Dongikui-MacBookAir.local" time="0.322">
  <properties/>
  <testcase name="contextLoads()" classname="com.toMist.toMist.ToMistApplicationTests" time="0.322"/>
  <system-out><![CDATA[16:48:57.968 [Test worker] INFO org.springframework.test.context.support.AnnotationConfigContextLoaderUtils -- Could not detect default configuration classes for test class [com.toMist.toMist.ToMistApplicationTests]: ToMistApplicationTests does not declare any static, non-private, non-final, nested classes annotated with @Configuration.
16:48:58.014 [Test worker] INFO org.springframework.boot.test.context.SpringBootTestContextBootstrapper -- Found @SpringBootConfiguration com.toMist.toMist.ToMistApplication for test class com.toMist.toMist.ToMistApplicationTests

  .   ____          _            __ _ _
 /\\ / ___'_ __ _ _(_)_ __  __ _ \ \ \ \
( ( )\___ | '_ | '_| | '_ \/ _` | \ \ \ \
 \\/  ___)| |_)| | | | | || (_| |  ) ) ) )
  '  |____| .__|_| |_|_| |_\__, | / / / /
 =========|_|==============|___/=/_/_/_/
 :: Spring Boot ::                (v3.2.4)

2024-03-29T16:48:58.204+09:00  INFO 43157 --- [    Test worker] c.toMist.toMist.ToMistApplicationTests   : Starting ToMistApplicationTests using Java 17.0.7 with PID 43157 (started by dongik in /Users/dongik/Desktop/dongik/Project/spring-board)
2024-03-29T16:48:58.205+09:00 DEBUG 43157 --- [    Test worker] c.toMist.toMist.ToMistApplicationTests   : Running with Spring Boot v3.2.4, Spring v6.1.5
2024-03-29T16:48:58.206+09:00  INFO 43157 --- [    Test worker] c.toMist.toMist.ToMistApplicationTests   : No active profile set, falling back to 1 default profile: "default"
2024-03-29T16:48:58.587+09:00  INFO 43157 --- [    Test worker] .s.d.r.c.RepositoryConfigurationDelegate : Bootstrapping Spring Data JPA repositories in DEFAULT mode.
2024-03-29T16:48:58.611+09:00  INFO 43157 --- [    Test worker] .s.d.r.c.RepositoryConfigurationDelegate : Finished Spring Data repository scanning in 20 ms. Found 2 JPA repository interfaces.
2024-03-29T16:48:58.909+09:00  INFO 43157 --- [    Test worker] o.hibernate.jpa.internal.util.LogHelper  : HHH000204: Processing PersistenceUnitInfo [name: default]
2024-03-29T16:48:58.930+09:00  INFO 43157 --- [    Test worker] org.hibernate.Version                    : HHH000412: Hibernate ORM core version 6.4.4.Final
2024-03-29T16:48:58.944+09:00  INFO 43157 --- [    Test worker] o.h.c.internal.RegionFactoryInitiator    : HHH000026: Second-level cache disabled
2024-03-29T16:48:59.039+09:00  INFO 43157 --- [    Test worker] o.s.o.j.p.SpringPersistenceUnitInfo      : No LoadTimeWeaver setup: ignoring JPA class transformer
2024-03-29T16:48:59.050+09:00  INFO 43157 --- [    Test worker] com.zaxxer.hikari.HikariDataSource       : HikariPool-1 - Starting...
2024-03-29T16:48:59.278+09:00  INFO 43157 --- [    Test worker] com.zaxxer.hikari.pool.HikariPool        : HikariPool-1 - Added connection com.mysql.cj.jdbc.ConnectionImpl@5eef8a16
2024-03-29T16:48:59.280+09:00  INFO 43157 --- [    Test worker] com.zaxxer.hikari.HikariDataSource       : HikariPool-1 - Start completed.
2024-03-29T16:48:59.789+09:00  INFO 43157 --- [    Test worker] o.h.e.t.j.p.i.JtaPlatformInitiator       : HHH000489: No JTA platform available (set 'hibernate.transaction.jta.platform' to enable JTA platform integration)
Hibernate: 
    alter table article_comment 
       drop 
       foreign key FKghmocqkgqs5tkmucf5putw64t
Hibernate: 
    drop table if exists article
Hibernate: 
    drop table if exists article_comment
Hibernate: 
    create table article (
        created_at datetime(6) not null,
        id bigint not null auto_increment,
        modified_at datetime(6) not null,
        created_by varchar(100) not null,
        modified_by varchar(100) not null,
        content varchar(1000) not null,
        hashtag varchar(255),
        title varchar(255) not null,
        primary key (id)
    ) engine=InnoDB
Hibernate: 
    create table article_comment (
        article_id bigint not null,
        created_at datetime(6) not null,
        id bigint not null auto_increment,
        modified_at datetime(6) not null,
        created_by varchar(100) not null,
        modified_by varchar(100) not null,
        content varchar(500) not null,
        primary key (id)
    ) engine=InnoDB
Hibernate: 
    create index IDX571gx7oqo5xpmgocegaidlcu9 
       on article (title)
Hibernate: 
    create index IDXai44fu6vaa28ebpydglnv7t3e 
       on article (hashtag)
Hibernate: 
    create index IDXrmt77yibijtk4sarremr67saa 
       on article (created_at)
Hibernate: 
    create index IDXjl4utii2etiocimt799wvtuvv 
       on article (created_by)
Hibernate: 
    create index IDXpieqqnljv147sefofs56h25qx 
       on article_comment (content)
Hibernate: 
    create index IDXh1jx107qecntcbcpc2vfb07ij 
       on article_comment (created_at)
Hibernate: 
    create index IDXc6pa61djuf2o8xnceyyvtdbaq 
       on article_comment (created_by)
Hibernate: 
    alter table article_comment 
       add constraint FKghmocqkgqs5tkmucf5putw64t 
       foreign key (article_id) 
       references article (id)
2024-03-29T16:48:59.903+09:00  INFO 43157 --- [    Test worker] j.LocalContainerEntityManagerFactoryBean : Initialized JPA EntityManagerFactory for persistence unit 'default'
2024-03-29T16:49:00.025+09:00  WARN 43157 --- [    Test worker] JpaBaseConfiguration$JpaWebConfiguration : spring.jpa.open-in-view is enabled by default. Therefore, database queries may be performed during view rendering. Explicitly configure spring.jpa.open-in-view to disable this warning
2024-03-29T16:49:00.570+09:00 DEBUG 43157 --- [    Test worker] s.w.s.m.m.a.RequestMappingHandlerMapping : 2 mappings in 'requestMappingHandlerMapping'
2024-03-29T16:49:00.649+09:00 DEBUG 43157 --- [    Test worker] o.s.w.s.handler.SimpleUrlHandlerMapping  : Patterns [/webjars/**, /**, /api/explorer/**] in 'resourceHandlerMapping'
2024-03-29T16:49:00.679+09:00 DEBUG 43157 --- [    Test worker] s.w.s.m.m.a.RequestMappingHandlerAdapter : ControllerAdvice beans: 0 @ModelAttribute, 0 @InitBinder, 1 RequestBodyAdvice, 1 ResponseBodyAdvice
2024-03-29T16:49:00.697+09:00 DEBUG 43157 --- [    Test worker] .m.m.a.ExceptionHandlerExceptionResolver : ControllerAdvice beans: 1 @ExceptionHandler, 1 ResponseBodyAdvice
2024-03-29T16:49:00.718+09:00 DEBUG 43157 --- [    Test worker] .m.m.a.ExceptionHandlerExceptionResolver : ControllerAdvice beans: 1 @ExceptionHandler, 0 ResponseBodyAdvice
2024-03-29T16:49:01.078+09:00  INFO 43157 --- [    Test worker] o.s.b.a.e.web.EndpointLinksResolver      : Exposing 13 endpoint(s) beneath base path '/actuator'
2024-03-29T16:49:01.127+09:00  INFO 43157 --- [    Test worker] c.toMist.toMist.ToMistApplicationTests   : Started ToMistApplicationTests in 3.052 seconds (process running for 3.629)
]]></system-out>
  <system-err><![CDATA[]]></system-err>
</testsuite>
