<?xml version="1.0" encoding="UTF-8"?>
<testsuite name="com.toMist.toMist.ToMistApplicationTests" tests="1" skipped="0" failures="0" errors="0" timestamp="2024-03-29T11:42:03" hostname="Dongikui-MacBookAir.local" time="0.37">
  <properties/>
  <testcase name="contextLoads()" classname="com.toMist.toMist.ToMistApplicationTests" time="0.37"/>
  <system-out><![CDATA[20:42:00.177 [Test worker] INFO org.springframework.test.context.support.AnnotationConfigContextLoaderUtils -- Could not detect default configuration classes for test class [com.toMist.toMist.ToMistApplicationTests]: ToMistApplicationTests does not declare any static, non-private, non-final, nested classes annotated with @Configuration.
20:42:00.223 [Test worker] INFO org.springframework.boot.test.context.SpringBootTestContextBootstrapper -- Found @SpringBootConfiguration com.toMist.toMist.ToMistApplication for test class com.toMist.toMist.ToMistApplicationTests

  .   ____          _            __ _ _
 /\\ / ___'_ __ _ _(_)_ __  __ _ \ \ \ \
( ( )\___ | '_ | '_| | '_ \/ _` | \ \ \ \
 \\/  ___)| |_)| | | | | || (_| |  ) ) ) )
  '  |____| .__|_| |_|_| |_\__, | / / / /
 =========|_|==============|___/=/_/_/_/
 :: Spring Boot ::                (v3.2.4)

2024-03-29T20:42:00.419+09:00  INFO 50029 --- [    Test worker] c.toMist.toMist.ToMistApplicationTests   : Starting ToMistApplicationTests using Java 17.0.7 with PID 50029 (started by dongik in /Users/dongik/Desktop/dongik/Project/spring-board)
2024-03-29T20:42:00.419+09:00 DEBUG 50029 --- [    Test worker] c.toMist.toMist.ToMistApplicationTests   : Running with Spring Boot v3.2.4, Spring v6.1.5
2024-03-29T20:42:00.420+09:00  INFO 50029 --- [    Test worker] c.toMist.toMist.ToMistApplicationTests   : No active profile set, falling back to 1 default profile: "default"
2024-03-29T20:42:00.821+09:00  INFO 50029 --- [    Test worker] .s.d.r.c.RepositoryConfigurationDelegate : Bootstrapping Spring Data JPA repositories in DEFAULT mode.
2024-03-29T20:42:00.847+09:00  INFO 50029 --- [    Test worker] .s.d.r.c.RepositoryConfigurationDelegate : Finished Spring Data repository scanning in 23 ms. Found 3 JPA repository interfaces.
2024-03-29T20:42:01.189+09:00  INFO 50029 --- [    Test worker] o.hibernate.jpa.internal.util.LogHelper  : HHH000204: Processing PersistenceUnitInfo [name: default]
2024-03-29T20:42:01.216+09:00  INFO 50029 --- [    Test worker] org.hibernate.Version                    : HHH000412: Hibernate ORM core version 6.4.4.Final
2024-03-29T20:42:01.233+09:00  INFO 50029 --- [    Test worker] o.h.c.internal.RegionFactoryInitiator    : HHH000026: Second-level cache disabled
2024-03-29T20:42:01.337+09:00  INFO 50029 --- [    Test worker] o.s.o.j.p.SpringPersistenceUnitInfo      : No LoadTimeWeaver setup: ignoring JPA class transformer
2024-03-29T20:42:01.349+09:00  INFO 50029 --- [    Test worker] com.zaxxer.hikari.HikariDataSource       : HikariPool-1 - Starting...
2024-03-29T20:42:01.508+09:00  INFO 50029 --- [    Test worker] com.zaxxer.hikari.pool.HikariPool        : HikariPool-1 - Added connection com.mysql.cj.jdbc.ConnectionImpl@3487947c
2024-03-29T20:42:01.509+09:00  INFO 50029 --- [    Test worker] com.zaxxer.hikari.HikariDataSource       : HikariPool-1 - Start completed.
2024-03-29T20:42:02.053+09:00  INFO 50029 --- [    Test worker] o.h.e.t.j.p.i.JtaPlatformInitiator       : HHH000489: No JTA platform available (set 'hibernate.transaction.jta.platform' to enable JTA platform integration)
Hibernate: 
    alter table article_comment 
       drop 
       foreign key FKghmocqkgqs5tkmucf5putw64t
Hibernate: 
    drop table if exists article
Hibernate: 
    drop table if exists article_comment
Hibernate: 
    drop table if exists user_account
Hibernate: 
    create table article (
        created_at datetime(6) not null,
        id bigint not null auto_increment,
        modified_at datetime(6) not null,
        created_by varchar(100) not null,
        modified_by varchar(100) not null,
        content varchar(1000) not null,
        hashtag varchar(255),
        title varchar(255) not null,
        primary key (id)
    ) engine=InnoDB
Hibernate: 
    create table article_comment (
        article_id bigint not null,
        created_at datetime(6) not null,
        id bigint not null auto_increment,
        modified_at datetime(6) not null,
        created_by varchar(100) not null,
        modified_by varchar(100) not null,
        content varchar(500) not null,
        primary key (id)
    ) engine=InnoDB
Hibernate: 
    create table user_account (
        created_at datetime(6) not null,
        id bigint not null auto_increment,
        modified_at datetime(6) not null,
        user_id varchar(50) not null,
        created_by varchar(100) not null,
        email varchar(100),
        modified_by varchar(100) not null,
        nickname varchar(100),
        memo varchar(255),
        user_password varchar(255) not null,
        primary key (id)
    ) engine=InnoDB
Hibernate: 
    create index IDX571gx7oqo5xpmgocegaidlcu9 
       on article (title)
Hibernate: 
    create index IDXai44fu6vaa28ebpydglnv7t3e 
       on article (hashtag)
Hibernate: 
    create index IDXrmt77yibijtk4sarremr67saa 
       on article (created_at)
Hibernate: 
    create index IDXjl4utii2etiocimt799wvtuvv 
       on article (created_by)
Hibernate: 
    create index IDXpieqqnljv147sefofs56h25qx 
       on article_comment (content)
Hibernate: 
    create index IDXh1jx107qecntcbcpc2vfb07ij 
       on article_comment (created_at)
Hibernate: 
    create index IDXc6pa61djuf2o8xnceyyvtdbaq 
       on article_comment (created_by)
Hibernate: 
    create index IDXnc5wqc2hv4w89l73duurb1dln 
       on user_account (user_id)
Hibernate: 
    create index IDXogja11wxoxigeh554wd4094xv 
       on user_account (created_at)
Hibernate: 
    create index IDX9twf822xbr2e0qcmnxueulgfw 
       on user_account (created_by)
Hibernate: 
    alter table user_account 
       add constraint UKhl02wv5hym99ys465woijmfib unique (email)
Hibernate: 
    alter table article_comment 
       add constraint FKghmocqkgqs5tkmucf5putw64t 
       foreign key (article_id) 
       references article (id)
2024-03-29T20:42:02.159+09:00  INFO 50029 --- [    Test worker] j.LocalContainerEntityManagerFactoryBean : Initialized JPA EntityManagerFactory for persistence unit 'default'
2024-03-29T20:42:02.224+09:00  WARN 50029 --- [    Test worker] JpaBaseConfiguration$JpaWebConfiguration : spring.jpa.open-in-view is enabled by default. Therefore, database queries may be performed during view rendering. Explicitly configure spring.jpa.open-in-view to disable this warning
2024-03-29T20:42:02.320+09:00  WARN 50029 --- [    Test worker] .s.s.UserDetailsServiceAutoConfiguration : 

Using generated security password: b590affc-d015-4f61-a30c-9594f0db722c

This generated password is for development use only. Your security configuration must be updated before running your application in production.

2024-03-29T20:42:02.787+09:00 DEBUG 50029 --- [    Test worker] s.w.s.m.m.a.RequestMappingHandlerMapping : 4 mappings in 'requestMappingHandlerMapping'
2024-03-29T20:42:02.858+09:00 DEBUG 50029 --- [    Test worker] o.s.w.s.handler.SimpleUrlHandlerMapping  : Patterns [/webjars/**, /**, /api/explorer/**] in 'resourceHandlerMapping'
2024-03-29T20:42:03.006+09:00  INFO 50029 --- [    Test worker] o.s.b.a.e.web.EndpointLinksResolver      : Exposing 13 endpoint(s) beneath base path '/actuator'
2024-03-29T20:42:03.049+09:00  INFO 50029 --- [    Test worker] o.s.s.web.DefaultSecurityFilterChain     : Will secure any request with [org.springframework.security.web.session.DisableEncodeUrlFilter@5f05cd7e, org.springframework.security.web.context.request.async.WebAsyncManagerIntegrationFilter@11e8e183, org.springframework.security.web.context.SecurityContextHolderFilter@7bb78381, org.springframework.security.web.header.HeaderWriterFilter@39352f6b, org.springframework.web.filter.CorsFilter@c6b08a5, org.springframework.security.web.csrf.CsrfFilter@43f4621b, org.springframework.security.web.authentication.logout.LogoutFilter@892f1fa, org.springframework.security.web.authentication.UsernamePasswordAuthenticationFilter@3c9cd930, org.springframework.security.web.authentication.ui.DefaultLoginPageGeneratingFilter@6da76bb1, org.springframework.security.web.authentication.ui.DefaultLogoutPageGeneratingFilter@54980154, org.springframework.security.web.savedrequest.RequestCacheAwareFilter@76614fd1, org.springframework.security.web.servletapi.SecurityContextHolderAwareRequestFilter@47166740, org.springframework.security.web.authentication.AnonymousAuthenticationFilter@25874884, org.springframework.security.web.access.ExceptionTranslationFilter@3e02988, org.springframework.security.web.access.intercept.AuthorizationFilter@2cb3bc0e]
2024-03-29T20:42:03.160+09:00 DEBUG 50029 --- [    Test worker] s.w.s.m.m.a.RequestMappingHandlerAdapter : ControllerAdvice beans: 0 @ModelAttribute, 0 @InitBinder, 1 RequestBodyAdvice, 1 ResponseBodyAdvice
2024-03-29T20:42:03.185+09:00 DEBUG 50029 --- [    Test worker] .m.m.a.ExceptionHandlerExceptionResolver : ControllerAdvice beans: 1 @ExceptionHandler, 1 ResponseBodyAdvice
2024-03-29T20:42:03.204+09:00 DEBUG 50029 --- [    Test worker] .m.m.a.ExceptionHandlerExceptionResolver : ControllerAdvice beans: 1 @ExceptionHandler, 0 ResponseBodyAdvice
2024-03-29T20:42:03.505+09:00  INFO 50029 --- [    Test worker] c.toMist.toMist.ToMistApplicationTests   : Started ToMistApplicationTests in 3.225 seconds (process running for 3.749)
]]></system-out>
  <system-err><![CDATA[]]></system-err>
</testsuite>
